<?xml version="1.0" encoding="UTF-8"?>
<testsuite name="TestSuite" time="605.352" tests="10" errors="0" skipped="2" failures="2">
  <properties>
    <property name="java.vendor" value="Oracle Corporation"/>
    <property name="JOB_NAME" value="WebdriverTestPOM"/>
    <property name="RUN_TESTS_DISPLAY_URL" value="http://localhost:9090/job/WebdriverTestPOM/10/display/redirect?page=tests"/>
    <property name="sun.java.launcher" value="SUN_STANDARD"/>
    <property name="NUMBER_OF_PROCESSORS" value="4"/>
    <property name="sun.management.compiler" value="HotSpot 64-Bit Tiered Compilers"/>
    <property name="JENKINS_HOME" value="C:\WINDOWS\system32\config\systemprofile\AppData\Local\Jenkins.jenkins"/>
    <property name="HUDSON_SERVER_COOKIE" value="05c94825a24c55ce"/>
    <property name="POM_ARTIFACTID" value="TestNG"/>
    <property name="os.name" value="Windows 10"/>
    <property name="sun.boot.class.path" value="C:\Program Files\Java\jdk1.8.0_251\jre\lib\resources.jar;C:\Program Files\Java\jdk1.8.0_251\jre\lib\rt.jar;C:\Program Files\Java\jdk1.8.0_251\jre\lib\sunrsasign.jar;C:\Program Files\Java\jdk1.8.0_251\jre\lib\jsse.jar;C:\Program Files\Java\jdk1.8.0_251\jre\lib\jce.jar;C:\Program Files\Java\jdk1.8.0_251\jre\lib\charsets.jar;C:\Program Files\Java\jdk1.8.0_251\jre\lib\jfr.jar;C:\Program Files\Java\jdk1.8.0_251\jre\classes"/>
    <property name="EXECUTOR_NUMBER" value="0"/>
    <property name="sun.desktop" value="windows"/>
    <property name="PATHEXT" value=".COM;.EXE;.BAT;.CMD;.VBS;.VBE;.JS;.JSE;.WSF;.WSH;.MSC;.PY;.PYW"/>
    <property name="java.vm.specification.vendor" value="Oracle Corporation"/>
    <property name="POM_DISPLAYNAME" value="TestNG"/>
    <property name="NODE_LABELS" value="master"/>
    <property name="TEMP" value="C:\WINDOWS\TEMP"/>
    <property name="java.runtime.version" value="1.8.0_251-b08"/>
    <property name="WINSW_SERVICE_ID" value="jenkins"/>
    <property name="user.name" value="DESKTOP-LF81N7A$"/>
    <property name="guice.disable.misplaced.annotation.check" value="true"/>
    <property name="CommonProgramW6432" value="C:\Program Files\Common Files"/>
    <property name="ProgramFiles" value="C:\Program Files"/>
    <property name="user.language" value="en"/>
    <property name="JOB_BASE_NAME" value="WebdriverTestPOM"/>
    <property name="RUN_CHANGES_DISPLAY_URL" value="http://localhost:9090/job/WebdriverTestPOM/10/display/redirect?page=changes"/>
    <property name="BUILD_DISPLAY_NAME" value="#10"/>
    <property name="sun.boot.library.path" value="C:\Program Files\Java\jdk1.8.0_251\jre\bin"/>
    <property name="LOCALAPPDATA" value="C:\WINDOWS\system32\config\systemprofile\AppData\Local"/>
    <property name="java.version" value="1.8.0_251"/>
    <property name="PROCESSOR_LEVEL" value="6"/>
    <property name="user.timezone" value="Asia/Calcutta"/>
    <property name="USERNAME" value="DESKTOP-LF81N7A$"/>
    <property name="sun.arch.data.model" value="64"/>
    <property name="NODE_NAME" value="master"/>
    <property name="java.endorsed.dirs" value="C:\Program Files\Java\jdk1.8.0_251\jre\lib\endorsed"/>
    <property name="BUILD_ID" value="10"/>
    <property name="sun.cpu.isalist" value="amd64"/>
    <property name="sun.jnu.encoding" value="Cp1252"/>
    <property name="file.encoding.pkg" value="sun.io"/>
    <property name="file.separator" value="\"/>
    <property name="java.specification.name" value="Java Platform API Specification"/>
    <property name="maven.conf" value="C:\Windows\System32\config\systemprofile\AppData\Local\Jenkins.jenkins\tools\hudson.tasks.Maven_MavenInstallation\Maven\conf"/>
    <property name="java.class.version" value="52.0"/>
    <property name="org.slf4j.simpleLogger.defaultLogLevel" value="info"/>
    <property name="user.country" value="US"/>
    <property name="ALLUSERSPROFILE" value="C:\ProgramData"/>
    <property name="java.home" value="C:\Program Files\Java\jdk1.8.0_251\jre"/>
    <property name="java.vm.info" value="mixed mode"/>
    <property name="os.version" value="10.0"/>
    <property name="RUN_DISPLAY_URL" value="http://localhost:9090/job/WebdriverTestPOM/10/display/redirect"/>
    <property name="POM_VERSION" value="0.0.1-SNAPSHOT"/>
    <property name="TMP" value="C:\WINDOWS\TEMP"/>
    <property name="RUN_ARTIFACTS_DISPLAY_URL" value="http://localhost:9090/job/WebdriverTestPOM/10/display/redirect?page=artifacts"/>
    <property name="path.separator" value=";"/>
    <property name="java.vm.version" value="25.251-b08"/>
    <property name="user.variant" value=""/>
    <property name="JOB_DISPLAY_URL" value="http://localhost:9090/job/WebdriverTestPOM/display/redirect"/>
    <property name="CommonProgramFiles(x86)" value="C:\Program Files (x86)\Common Files"/>
    <property name="java.awt.printerjob" value="sun.awt.windows.WPrinterJob"/>
    <property name="JAVA_HOME" value="C:\Program Files\Java\jdk1.8.0_251"/>
    <property name="sun.io.unicode.encoding" value="UnicodeLittle"/>
    <property name="CommonProgramFiles" value="C:\Program Files\Common Files"/>
    <property name="ComSpec" value="C:\WINDOWS\system32\cmd.exe"/>
    <property name="awt.toolkit" value="sun.awt.windows.WToolkit"/>
    <property name="POM_PACKAGING" value="jar"/>
    <property name="SERVICE_ID" value="jenkins"/>
    <property name="COMPUTERNAME" value="DESKTOP-LF81N7A"/>
    <property name="user.script" value=""/>
    <property name="POM_GROUPID" value="com.TestNG"/>
    <property name="user.home" value="C:\WINDOWS\system32\config\systemprofile"/>
    <property name="PUBLIC" value="C:\Users\Public"/>
    <property name="BUILD_TAG" value="jenkins-WebdriverTestPOM-10"/>
    <property name="JENKINS_SERVER_COOKIE" value="05c94825a24c55ce"/>
    <property name="HUDSON_URL" value="http://localhost:9090/"/>
    <property name="ProgramData" value="C:\ProgramData"/>
    <property name="java.specification.vendor" value="Oracle Corporation"/>
    <property name="USERPROFILE" value="C:\WINDOWS\system32\config\systemprofile"/>
    <property name="CLASSPATH" value=""/>
    <property name="java.vendor.url" value="http://java.oracle.com/"/>
    <property name="java.library.path" value="C:\Program Files\Java\jdk1.8.0_251\bin;C:\WINDOWS\Sun\Java\bin;C:\WINDOWS\system32;C:\WINDOWS;C:\WINDOWS\system32\config\systemprofile\AppData\Local\Jenkins.jenkins\tools\hudson.tasks.Maven_MavenInstallation\Maven/bin;C:\Program Files\Java\jdk1.8.0_251/bin;C:\Program Files\Java\jdk1.8.0_251/bin;C:\Python38\Scripts\;C:\Python38\;C:\Program Files (x86)\Common Files\Oracle\Java\javapath;C:\WINDOWS\system32;C:\WINDOWS;C:\WINDOWS\System32\Wbem;C:\WINDOWS\System32\WindowsPowerShell\v1.0\;C:\WINDOWS\System32\OpenSSH\;C:\Program Files\Git\cmd;C:\Program Files\PuTTY\;C:\Eduarte\Library\Drivers;C:\ProgramData\chocolatey\bin;C:\Users\localadmin\AppData\Roaming\nvm;C:\Program Files\nodejs;C:\Eduarte\Automation softwares\apache-maven-3.6.3\bin;C:\WINDOWS\system32\config\systemprofile\AppData\Local\Microsoft\WindowsApps;."/>
    <property name="java.vm.vendor" value="Oracle Corporation"/>
    <property name="APPDATA" value="C:\WINDOWS\system32\config\systemprofile\AppData\Roaming"/>
    <property name="java.runtime.name" value="Java(TM) SE Runtime Environment"/>
    <property name="maven.home" value="C:\Windows\System32\config\systemprofile\AppData\Local\Jenkins.jenkins\tools\hudson.tasks.Maven_MavenInstallation\Maven"/>
    <property name="java.class.path" value="C:\WINDOWS\system32\config\systemprofile\AppData\Local\Jenkins.jenkins\plugins\maven-plugin\WEB-INF\lib\maven35-agent-1.13.jar;C:\WINDOWS\system32\config\systemprofile\AppData\Local\Jenkins.jenkins\tools\hudson.tasks.Maven_MavenInstallation\Maven\boot\plexus-classworlds-2.6.0.jar;C:\WINDOWS\system32\config\systemprofile\AppData\Local\Jenkins.jenkins\tools\hudson.tasks.Maven_MavenInstallation\Maven/conf/logging"/>
    <property name="sun.java.command" value="jenkins.maven3.agent.Maven35Main C:\WINDOWS\system32\config\systemprofile\AppData\Local\Jenkins.jenkins\tools\hudson.tasks.Maven_MavenInstallation\Maven C:\Windows\System32\config\systemprofile\AppData\Local\Jenkinswar\WEB-INF\lib\remoting-4.5.jar C:\WINDOWS\system32\config\systemprofile\AppData\Local\Jenkins.jenkins\plugins\maven-plugin\WEB-INF\lib\maven35-interceptor-1.13.jar C:\WINDOWS\system32\config\systemprofile\AppData\Local\Jenkins.jenkins\plugins\maven-plugin\WEB-INF\lib\maven3-interceptor-commons-1.13.jar 55230"/>
    <property name="Path" value="C:\Program Files\Java\jdk1.8.0_251/bin;C:\Python38\Scripts\;C:\Python38\;C:\Program Files (x86)\Common Files\Oracle\Java\javapath;C:\WINDOWS\system32;C:\WINDOWS;C:\WINDOWS\System32\Wbem;C:\WINDOWS\System32\WindowsPowerShell\v1.0\;C:\WINDOWS\System32\OpenSSH\;C:\Program Files\Git\cmd;C:\Program Files\PuTTY\;C:\Eduarte\Library\Drivers;C:\ProgramData\chocolatey\bin;C:\Users\localadmin\AppData\Roaming\nvm;C:\Program Files\nodejs;C:\Eduarte\Automation softwares\apache-maven-3.6.3\bin;C:\WINDOWS\system32\config\systemprofile\AppData\Local\Microsoft\WindowsApps"/>
    <property name="java.vm.specification.name" value="Java Virtual Machine Specification"/>
    <property name="PROCESSOR_ARCHITECTURE" value="AMD64"/>
    <property name="PATH+JDK" value="C:\Program Files\Java\jdk1.8.0_251/bin"/>
    <property name="PROCESSOR_IDENTIFIER" value="Intel64 Family 6 Model 69 Stepping 1, GenuineIntel"/>
    <property name="java.vm.specification.version" value="1.8"/>
    <property name="sun.os.patch.level" value=""/>
    <property name="sun.cpu.endian" value="little"/>
    <property name="M2_HOME" value="C:\WINDOWS\system32\config\systemprofile\AppData\Local\Jenkins.jenkins\tools\hudson.tasks.Maven_MavenInstallation\Maven"/>
    <property name="java.io.tmpdir" value="C:\WINDOWS\TEMP\"/>
    <property name="OS" value="Windows_NT"/>
    <property name="HUDSON_HOME" value="C:\WINDOWS\system32\config\systemprofile\AppData\Local\Jenkins.jenkins"/>
    <property name="PATH+MAVEN" value="C:\WINDOWS\system32\config\systemprofile\AppData\Local\Jenkins.jenkins\tools\hudson.tasks.Maven_MavenInstallation\Maven/bin"/>
    <property name="ProgramFiles(x86)" value="C:\Program Files (x86)"/>
    <property name="BUILD_URL" value="http://localhost:9090/job/WebdriverTestPOM/10/"/>
    <property name="java.vendor.url.bug" value="http://bugreport.sun.com/bugreport/"/>
    <property name="NVM_HOME" value="C:\Users\localadmin\AppData\Roaming\nvm"/>
    <property name="java.awt.graphicsenv" value="sun.awt.Win32GraphicsEnvironment"/>
    <property name="os.arch" value="amd64"/>
    <property name="SystemRoot" value="C:\WINDOWS"/>
    <property name="java.ext.dirs" value="C:\Program Files\Java\jdk1.8.0_251\jre\lib\ext;C:\WINDOWS\Sun\Java\lib\ext"/>
    <property name="user.dir" value="C:\Maven Project_Jenkins"/>
    <property name="JOB_URL" value="http://localhost:9090/job/WebdriverTestPOM/"/>
    <property name="USERDOMAIN" value="WORKGROUP"/>
    <property name="line.separator" value="&#10;"/>
    <property name="MAVEN_HOME" value="C:\WINDOWS\system32\config\systemprofile\AppData\Local\Jenkins.jenkins\tools\hudson.tasks.Maven_MavenInstallation\Maven"/>
    <property name="java.vm.name" value="Java HotSpot(TM) 64-Bit Server VM"/>
    <property name="BUILD_NUMBER" value="10"/>
    <property name="BASE" value="C:\Program Files\Jenkins"/>
    <property name="JENKINS_URL" value="http://localhost:9090/"/>
    <property name="PROCESSOR_REVISION" value="4501"/>
    <property name="ProgramW6432" value="C:\Program Files"/>
    <property name="windir" value="C:\WINDOWS"/>
    <property name="file.encoding" value="Cp1252"/>
    <property name="SystemDrive" value="C:"/>
    <property name="maven3.interceptor" value="C:\WINDOWS\system32\config\systemprofile\AppData\Local\Jenkins.jenkins\plugins\maven-plugin\WEB-INF\lib\maven35-interceptor-1.13.jar"/>
    <property name="WORKSPACE_TMP" value="C:\WINDOWS\system32\config\systemprofile\AppData\Local\Jenkins.jenkins\workspace\WebdriverTestPOM@tmp"/>
    <property name="NVM_SYMLINK" value="C:\Program Files\nodejs"/>
    <property name="WORKSPACE" value="C:\WINDOWS\system32\config\systemprofile\AppData\Local\Jenkins.jenkins\workspace\WebdriverTestPOM"/>
    <property name="ChocolateyInstall" value="C:\ProgramData\chocolatey"/>
    <property name="maven3.interceptor.common" value="C:\WINDOWS\system32\config\systemprofile\AppData\Local\Jenkins.jenkins\plugins\maven-plugin\WEB-INF\lib\maven3-interceptor-commons-1.13.jar"/>
    <property name="WINSW_EXECUTABLE" value="C:\Program Files\Jenkins\jenkins.exe"/>
    <property name="java.specification.version" value="1.8"/>
    <property name="PSModulePath" value="C:\Program Files\WindowsPowerShell\Modules;C:\WINDOWS\system32\WindowsPowerShell\v1.0\Modules"/>
    <property name="DriverData" value="C:\Windows\System32\Drivers\DriverData"/>
  </properties>
  <testcase name="Diff" classname="Sample.Params" time="0.009"/>
  <testcase name="OP" classname="Sample.Params" time="0"/>
  <testcase name="Sum" classname="Sample.Params" time="0"/>
  <testcase name="beforeTest" classname="Sample.NewTest" time="4.767"/>
  <testcase name="testEasy" classname="Sample.NewTest" time="7.456"/>
  <testcase name="afterTest" classname="Sample.NewTest" time="0.726"/>
  <testcase name="openBrowser" classname="Sample.TestNG" time="592.394">
    <failure message="session not created&#10;from timeout: Timed out receiving message from renderer: 600.000&#10;  (Session info: chrome=87.0.4280.141)&#10;Build info: version: &apos;3.141.59&apos;, revision: &apos;e82be7d358&apos;, time: &apos;2018-11-14T08:17:03&apos;&#10;System info: host: &apos;DESKTOP-LF81N7A&apos;, ip: &apos;192.168.0.95&apos;, os.name: &apos;Windows 10&apos;, os.arch: &apos;amd64&apos;, os.version: &apos;10.0&apos;, java.version: &apos;1.8.0_251&apos;&#10;Driver info: driver.version: ChromeDriver&#10;remote stacktrace: Backtrace:&#10;	Ordinal0 [0x0083C0C3+3326147]&#10;	Ordinal0 [0x00720851+2164817]&#10;	Ordinal0 [0x005A7298+619160]&#10;	Ordinal0 [0x0059B17F+569727]&#10;	Ordinal0 [0x0059A421+566305]&#10;	Ordinal0 [0x0059A815+567317]&#10;	Ordinal0 [0x0059A135+565557]&#10;	Ordinal0 [0x005A38B1+604337]&#10;	Ordinal0 [0x0059A0F1+565489]&#10;	Ordinal0 [0x0059AEA2+568994]&#10;	Ordinal0 [0x0059A421+566305]&#10;	Ordinal0 [0x0059A815+567317]&#10;	Ordinal0 [0x0059A135+565557]&#10;	Ordinal0 [0x005A1D2C+597292]&#10;	Ordinal0 [0x0059A0F1+565489]&#10;	Ordinal0 [0x0059AEA2+568994]&#10;	Ordinal0 [0x0059A421+566305]&#10;	Ordinal0 [0x0059A815+567317]&#10;	Ordinal0 [0x0059A135+565557]&#10;	Ordinal0 [0x0059FE62+589410]&#10;	Ordinal0 [0x0059A0F1+565489]&#10;	Ordinal0 [0x0059AEA2+568994]&#10;	Ordinal0 [0x0059A421+566305]&#10;	Ordinal0 [0x0059A815+567317]&#10;	Ordinal0 [0x0059A135+565557]&#10;	Ordinal0 [0x0059F075+585845]&#10;	Ordinal0 [0x0059A0F1+565489]&#10;	Ordinal0 [0x0059AEA2+568994]&#10;	Ordinal0 [0x0059A421+566305]&#10;	Ordinal0 [0x0059A815+567317]&#10;	Ordinal0 [0x0059A135+565557]&#10;	Ordinal0 [0x00596776+550774]&#10;	Ordinal0 [0x0059A0F1+565489]&#10;	Ordinal0 [0x00599F13+565011]&#10;	Ordinal0 [0x00599D07+564487]&#10;	Ordinal0 [0x005A82C0+623296]&#10;	Ordinal0 [0x00546BDD+224221]&#10;	Ordinal0 [0x00545CAC+220332]&#10;	Ordinal0 [0x0054189B+202907]&#10;	Ordinal0 [0x00523DF4+81396]&#10;	Ordinal0 [0x00524DEE+85486]&#10;	Ordinal0 [0x00524D79+85369]&#10;	Ordinal0 [0x007385DC+2262492]&#10;	GetHandleVerifier [0x009C2874+1487204]&#10;	GetHandleVerifier [0x009C23CD+1486013]&#10;	GetHandleVerifier [0x009CA368+1518680]&#10;	GetHandleVerifier [0x009C2F4E+1488958]&#10;	Ordinal0 [0x0072ED0D+2223373]&#10;	Ordinal0 [0x0073A12B+2269483]&#10;	Ordinal0 [0x0073A26F+2269807]&#10;	Ordinal0 [0x0074ECB8+2354360]&#10;	BaseThreadInitThunk [0x7707FA29+25]&#10;	RtlGetAppContainerNamedObjectPath [0x778875F4+228]&#10;	RtlGetAppContainerNamedObjectPath [0x778875C4+180]&#10;" type="org.openqa.selenium.SessionNotCreatedException"><![CDATA[org.openqa.selenium.SessionNotCreatedException: session not created
from timeout: Timed out receiving message from renderer: 600.000
  (Session info: chrome=87.0.4280.141)
Build info: version: '3.141.59', revision: 'e82be7d358', time: '2018-11-14T08:17:03'
System info: host: 'DESKTOP-LF81N7A', ip: '192.168.0.95', os.name: 'Windows 10', os.arch: 'amd64', os.version: '10.0', java.version: '1.8.0_251'
Driver info: driver.version: ChromeDriver
remote stacktrace: Backtrace:
	Ordinal0 [0x0083C0C3+3326147]
	Ordinal0 [0x00720851+2164817]
	Ordinal0 [0x005A7298+619160]
	Ordinal0 [0x0059B17F+569727]
	Ordinal0 [0x0059A421+566305]
	Ordinal0 [0x0059A815+567317]
	Ordinal0 [0x0059A135+565557]
	Ordinal0 [0x005A38B1+604337]
	Ordinal0 [0x0059A0F1+565489]
	Ordinal0 [0x0059AEA2+568994]
	Ordinal0 [0x0059A421+566305]
	Ordinal0 [0x0059A815+567317]
	Ordinal0 [0x0059A135+565557]
	Ordinal0 [0x005A1D2C+597292]
	Ordinal0 [0x0059A0F1+565489]
	Ordinal0 [0x0059AEA2+568994]
	Ordinal0 [0x0059A421+566305]
	Ordinal0 [0x0059A815+567317]
	Ordinal0 [0x0059A135+565557]
	Ordinal0 [0x0059FE62+589410]
	Ordinal0 [0x0059A0F1+565489]
	Ordinal0 [0x0059AEA2+568994]
	Ordinal0 [0x0059A421+566305]
	Ordinal0 [0x0059A815+567317]
	Ordinal0 [0x0059A135+565557]
	Ordinal0 [0x0059F075+585845]
	Ordinal0 [0x0059A0F1+565489]
	Ordinal0 [0x0059AEA2+568994]
	Ordinal0 [0x0059A421+566305]
	Ordinal0 [0x0059A815+567317]
	Ordinal0 [0x0059A135+565557]
	Ordinal0 [0x00596776+550774]
	Ordinal0 [0x0059A0F1+565489]
	Ordinal0 [0x00599F13+565011]
	Ordinal0 [0x00599D07+564487]
	Ordinal0 [0x005A82C0+623296]
	Ordinal0 [0x00546BDD+224221]
	Ordinal0 [0x00545CAC+220332]
	Ordinal0 [0x0054189B+202907]
	Ordinal0 [0x00523DF4+81396]
	Ordinal0 [0x00524DEE+85486]
	Ordinal0 [0x00524D79+85369]
	Ordinal0 [0x007385DC+2262492]
	GetHandleVerifier [0x009C2874+1487204]
	GetHandleVerifier [0x009C23CD+1486013]
	GetHandleVerifier [0x009CA368+1518680]
	GetHandleVerifier [0x009C2F4E+1488958]
	Ordinal0 [0x0072ED0D+2223373]
	Ordinal0 [0x0073A12B+2269483]
	Ordinal0 [0x0073A26F+2269807]
	Ordinal0 [0x0074ECB8+2354360]
	BaseThreadInitThunk [0x7707FA29+25]
	RtlGetAppContainerNamedObjectPath [0x778875F4+228]
	RtlGetAppContainerNamedObjectPath [0x778875C4+180]

	at sun.reflect.NativeConstructorAccessorImpl.newInstance0(Native Method)
	at sun.reflect.NativeConstructorAccessorImpl.newInstance(NativeConstructorAccessorImpl.java:62)
	at sun.reflect.DelegatingConstructorAccessorImpl.newInstance(DelegatingConstructorAccessorImpl.java:45)
	at java.lang.reflect.Constructor.newInstance(Constructor.java:423)
	at org.openqa.selenium.remote.W3CHandshakeResponse.lambda$errorHandler$0(W3CHandshakeResponse.java:62)
	at org.openqa.selenium.remote.HandshakeResponse.lambda$getResponseFunction$0(HandshakeResponse.java:30)
	at org.openqa.selenium.remote.ProtocolHandshake.lambda$createSession$0(ProtocolHandshake.java:126)
	at java.util.stream.ReferencePipeline$3$1.accept(ReferencePipeline.java:193)
	at java.util.Spliterators$ArraySpliterator.tryAdvance(Spliterators.java:958)
	at java.util.stream.ReferencePipeline.forEachWithCancel(ReferencePipeline.java:126)
	at java.util.stream.AbstractPipeline.copyIntoWithCancel(AbstractPipeline.java:499)
	at java.util.stream.AbstractPipeline.copyInto(AbstractPipeline.java:486)
	at java.util.stream.AbstractPipeline.wrapAndCopyInto(AbstractPipeline.java:472)
	at java.util.stream.FindOps$FindOp.evaluateSequential(FindOps.java:152)
	at java.util.stream.AbstractPipeline.evaluate(AbstractPipeline.java:234)
	at java.util.stream.ReferencePipeline.findFirst(ReferencePipeline.java:464)
	at org.openqa.selenium.remote.ProtocolHandshake.createSession(ProtocolHandshake.java:128)
	at org.openqa.selenium.remote.ProtocolHandshake.createSession(ProtocolHandshake.java:74)
	at org.openqa.selenium.remote.HttpCommandExecutor.execute(HttpCommandExecutor.java:136)
	at org.openqa.selenium.remote.service.DriverCommandExecutor.execute(DriverCommandExecutor.java:83)
	at org.openqa.selenium.remote.RemoteWebDriver.execute(RemoteWebDriver.java:552)
	at org.openqa.selenium.remote.RemoteWebDriver.startSession(RemoteWebDriver.java:213)
	at org.openqa.selenium.remote.RemoteWebDriver.<init>(RemoteWebDriver.java:131)
	at org.openqa.selenium.chrome.ChromeDriver.<init>(ChromeDriver.java:181)
	at org.openqa.selenium.chrome.ChromeDriver.<init>(ChromeDriver.java:168)
	at org.openqa.selenium.chrome.ChromeDriver.<init>(ChromeDriver.java:123)
	at Sample.TestNG.openBrowser(TestNG.java:27)
]]></failure>
    <system-out><![CDATA[The name of the test case failed is: openBrowser
]]></system-out>
    <system-err><![CDATA[[1611665229.939][SEVERE]: Timed out receiving message from renderer: 600.000
]]></system-err>
  </testcase>
  <testcase name="checkTitle" classname="Sample.TestNG" time="0">
    <skipped/>
    <system-out><![CDATA[The name of the test case skipped is: checkTitle
]]></system-out>
  </testcase>
  <testcase name="click_element" classname="Sample.TestNG" time="0">
    <skipped/>
    <system-out><![CDATA[The name of the test case skipped is: click_element
]]></system-out>
  </testcase>
  <testcase name="closeBrowser" classname="Sample.TestNG" time="0">
    <failure type="java.lang.NullPointerException:">java.lang.NullPointerException: null
	at Sample.TestNG.closeBrowser(TestNG.java:47)
</failure>
    <system-out><![CDATA[The name of the test case started is: closeBrowser
The name of the test case failed is: closeBrowser
]]></system-out>
  </testcase>
</testsuite>